"../../../Engine/Content/EditorResources/S_Actor.ubulk" 0
"../../../Engine/Content/EditorResources/S_Actor.uasset" 1
"../../../Engine/Content/EditorResources/S_Actor.uexp" 2
"../../../Engine/Content/EditorResources/S_BoxReflectionCapture.uasset" 3
"../../../Engine/Content/EditorResources/S_BoxReflectionCapture.uexp" 4
"../../../Engine/Content/EngineResources/DefaultTexture.ubulk" 5
"../../../Engine/Content/EngineResources/DefaultTexture.uasset" 6
"../../../Engine/Content/EngineResources/DefaultTexture.uexp" 7
"../../../Engine/Content/EngineResources/DefaultTextureCube.uasset" 8
"../../../Engine/Content/EngineResources/DefaultTextureCube.uexp" 9
"../../../Engine/Content/EngineResources/DefaultVolumeTexture2D.uasset" 10
"../../../Engine/Content/EngineResources/DefaultVolumeTexture2D.uexp" 11
"../../../Engine/Content/EngineResources/DefaultVolumeTexture.uasset" 12
"../../../Engine/Content/EngineResources/DefaultVolumeTexture.uexp" 13
"../../../Engine/Content/EditorResources/S_Trigger.ubulk" 14
"../../../Engine/Content/EditorResources/S_Trigger.uasset" 15
"../../../Engine/Content/EditorResources/S_Trigger.uexp" 16
"../../../Engine/Content/EditorResources/S_TriggerBox.uasset" 17
"../../../Engine/Content/EditorResources/S_TriggerBox.uexp" 18
"../../../Engine/Content/EditorResources/S_TriggerCapsule.uasset" 19
"../../../Engine/Content/EditorResources/S_TriggerCapsule.uexp" 20
"../../../Engine/Content/EditorResources/S_TriggerSphere.uasset" 21
"../../../Engine/Content/EditorResources/S_TriggerSphere.uexp" 22
"../../../Engine/Content/EngineMeshes/Sphere.ubulk" 23
"../../../Engine/Content/EngineMeshes/Sphere.uasset" 24
"../../../Engine/Content/EngineMeshes/Sphere.uexp" 25
"../../../Engine/Content/EngineResources/GradientTexture0.uasset" 26
"../../../Engine/Content/EngineResources/GradientTexture0.uexp" 27
"../../../Engine/Content/EngineResources/Black.uasset" 28
"../../../Engine/Content/EngineResources/Black.uexp" 29
"../../../Engine/Content/VREditor/LaserPointer/VR_LaserPower_01.ubulk" 30
"../../../Engine/Content/VREditor/LaserPointer/VR_LaserPower_01.uasset" 31
"../../../Engine/Content/VREditor/LaserPointer/VR_LaserPower_01.uexp" 32
"../../../Engine/Content/VREditor/TransformGizmo/TransformGizmoMaterial.uasset" 33
"../../../Engine/Content/VREditor/TransformGizmo/TransformGizmoMaterial.uexp" 34
"../../../Engine/Content/VREditor/TransformGizmo/TranslucentTransformGizmoMaterial.uasset" 35
"../../../Engine/Content/VREditor/TransformGizmo/TranslucentTransformGizmoMaterial.uexp" 36
"../../../Engine/Content/VREditor/TransformGizmo/PlaneTranslationHandle.ubulk" 37
"../../../Engine/Content/VREditor/TransformGizmo/PlaneTranslationHandle.uasset" 38
"../../../Engine/Content/VREditor/TransformGizmo/PlaneTranslationHandle.uexp" 39
"../../../Engine/Content/VREditor/TransformGizmo/BoundingBoxCorner.ubulk" 40
"../../../Engine/Content/VREditor/TransformGizmo/BoundingBoxCorner.uasset" 41
"../../../Engine/Content/VREditor/TransformGizmo/BoundingBoxCorner.uexp" 42
"../../../Engine/Content/VREditor/TransformGizmo/BoundingBoxEdge.ubulk" 43
"../../../Engine/Content/VREditor/TransformGizmo/BoundingBoxEdge.uasset" 44
"../../../Engine/Content/VREditor/TransformGizmo/BoundingBoxEdge.uexp" 45
"../../../Engine/Content/VREditor/TransformGizmo/Main.uasset" 46
"../../../Engine/Content/VREditor/TransformGizmo/Main.uexp" 47
"../../../Engine/Content/VREditor/TransformGizmo/Xray.uasset" 48
"../../../Engine/Content/VREditor/TransformGizmo/Xray.uexp" 49
"../../../Engine/Content/VREditor/TransformGizmo/SM_Sequencer_Node.ubulk" 50
"../../../Engine/Content/VREditor/TransformGizmo/SM_Sequencer_Node.uasset" 51
"../../../Engine/Content/VREditor/TransformGizmo/SM_Sequencer_Node.uexp" 52
"../../../Engine/Content/EditorMaterials/Camera/CineMat.uasset" 53
"../../../Engine/Content/EditorMaterials/Camera/CineMat.uexp" 54
"../../../Engine/Content/EditorMaterials/Camera/MI_CineMat_Rig.uasset" 55
"../../../Engine/Content/EditorMaterials/Camera/MI_CineMat_Rig.uexp" 56
"../../../Engine/Content/EditorMeshes/Camera/SM_CraneRig_Base.ubulk" 57
"../../../Engine/Content/EditorMeshes/Camera/SM_CraneRig_Base.uasset" 58
"../../../Engine/Content/EditorMeshes/Camera/SM_CraneRig_Base.uexp" 59
"../../../Engine/Content/EditorMeshes/Camera/SM_CraneRig_Arm.ubulk" 60
"../../../Engine/Content/EditorMeshes/Camera/SM_CraneRig_Arm.uasset" 61
"../../../Engine/Content/EditorMeshes/Camera/SM_CraneRig_Arm.uexp" 62
"../../../Engine/Content/EditorMeshes/Camera/SM_CraneRig_Mount.ubulk" 63
"../../../Engine/Content/EditorMeshes/Camera/SM_CraneRig_Mount.uasset" 64
"../../../Engine/Content/EditorMeshes/Camera/SM_CraneRig_Mount.uexp" 65
"../../../Engine/Content/EditorMeshes/Camera/SM_CraneRig_Body.ubulk" 66
"../../../Engine/Content/EditorMeshes/Camera/SM_CraneRig_Body.uasset" 67
"../../../Engine/Content/EditorMeshes/Camera/SM_CraneRig_Body.uexp" 68
"../../../Engine/Content/EditorMeshes/Camera/SM_RailRig_Track.ubulk" 69
"../../../Engine/Content/EditorMeshes/Camera/SM_RailRig_Track.uasset" 70
"../../../Engine/Content/EditorMeshes/Camera/SM_RailRig_Track.uexp" 71
"../../../Engine/Content/EditorMeshes/Camera/SM_RailRig_Mount.ubulk" 72
"../../../Engine/Content/EditorMeshes/Camera/SM_RailRig_Mount.uasset" 73
"../../../Engine/Content/EditorMeshes/Camera/SM_RailRig_Mount.uexp" 74
"../../../Engine/Content/EngineMaterials/T_Default_Material_Grid_M.ubulk" 75
"../../../Engine/Content/EngineMaterials/T_Default_Material_Grid_M.uasset" 76
"../../../Engine/Content/EngineMaterials/T_Default_Material_Grid_M.uexp" 77
"../../../Engine/Content/EngineMaterials/T_Default_Material_Grid_N.ubulk" 78
"../../../Engine/Content/EngineMaterials/T_Default_Material_Grid_N.uasset" 79
"../../../Engine/Content/EngineMaterials/T_Default_Material_Grid_N.uexp" 80
"../../../Engine/Content/Functions/Engine_MaterialFunctions01/Opacity/CameraDepthFade.uasset" 81
"../../../Engine/Content/Functions/Engine_MaterialFunctions01/Opacity/CameraDepthFade.uexp" 82
"../../../Engine/Content/EngineMaterials/WorldGridMaterial.uasset" 83
"../../../Engine/Content/EngineMaterials/WorldGridMaterial.uexp" 84
"../../../Engine/Content/ArtTools/RenderToTexture/Meshes/S_1_Unit_Plane.ubulk" 85
"../../../Engine/Content/ArtTools/RenderToTexture/Meshes/S_1_Unit_Plane.uasset" 86
"../../../Engine/Content/ArtTools/RenderToTexture/Meshes/S_1_Unit_Plane.uexp" 87
"../../../Engine/Content/EditorMaterials/ParticleSystems/PSysThumbnail_NoImage.ubulk" 88
"../../../Engine/Content/EditorMaterials/ParticleSystems/PSysThumbnail_NoImage.uasset" 89
"../../../Engine/Content/EditorMaterials/ParticleSystems/PSysThumbnail_NoImage.uexp" 90
"../../../Engine/Content/EditorMaterials/ParticleSystems/PSysThumbnail_OOD.ubulk" 91
"../../../Engine/Content/EditorMaterials/ParticleSystems/PSysThumbnail_OOD.uasset" 92
"../../../Engine/Content/EditorMaterials/ParticleSystems/PSysThumbnail_OOD.uexp" 93
"../../../Engine/Content/EditorLandscapeResources/SplineEditorMeshMat.uasset" 94
"../../../Engine/Content/EditorLandscapeResources/SplineEditorMeshMat.uexp" 95
"../../../Engine/Content/EditorLandscapeResources/SplineEditorMesh.ubulk" 96
"../../../Engine/Content/EditorLandscapeResources/SplineEditorMesh.uasset" 97
"../../../Engine/Content/EditorLandscapeResources/SplineEditorMesh.uexp" 98
"../../../Engine/Content/EditorResources/S_Solver.ubulk" 99
"../../../Engine/Content/EditorResources/S_Solver.uasset" 100
"../../../Engine/Content/EditorResources/S_Solver.uexp" 101
"../../../Engine/Plugins/Media/MediaPlate/Content/SM_MediaPlateScreen.ubulk" 102
"../../../Engine/Plugins/Media/MediaPlate/Content/SM_MediaPlateScreen.uasset" 103
"../../../Engine/Plugins/Media/MediaPlate/Content/SM_MediaPlateScreen.uexp" 104
"../../../Engine/Content/EngineMaterials/Good64x64TilingNoiseHighFreq.uasset" 105
"../../../Engine/Content/EngineMaterials/Good64x64TilingNoiseHighFreq.uexp" 106
"../../../Engine/Content/EngineMaterials/DefaultBokeh.uasset" 107
"../../../Engine/Content/EngineMaterials/DefaultBokeh.uexp" 108
"../../../Engine/Content/EngineMaterials/PreintegratedSkinBRDF.uasset" 109
"../../../Engine/Content/EngineMaterials/PreintegratedSkinBRDF.uexp" 110
"../../../Engine/Content/EngineMaterials/MiniFont.uasset" 111
"../../../Engine/Content/EngineMaterials/MiniFont.uexp" 112
"../../../Engine/Content/EngineMaterials/WeightMapPlaceholderTexture.uasset" 113
"../../../Engine/Content/EngineMaterials/WeightMapPlaceholderTexture.uexp" 114
"../../../Engine/Content/EngineMaterials/DefaultWhiteGrid.ubulk" 115
"../../../Engine/Content/EngineMaterials/DefaultWhiteGrid.uasset" 116
"../../../Engine/Content/EngineMaterials/DefaultWhiteGrid.uexp" 117
"../../../Engine/Plugins/2D/Paper2D/Content/PlaceholderTextures/DummySpriteTexture.ubulk" 118
"../../../Engine/Plugins/2D/Paper2D/Content/PlaceholderTextures/DummySpriteTexture.uasset" 119
"../../../Engine/Plugins/2D/Paper2D/Content/PlaceholderTextures/DummySpriteTexture.uexp" 120
"../../../Engine/Plugins/2D/Paper2D/Content/DefaultSpriteMaterial.uasset" 121
"../../../Engine/Plugins/2D/Paper2D/Content/DefaultSpriteMaterial.uexp" 122
"../../../Engine/Plugins/2D/Paper2D/Content/OpaqueUnlitSpriteMaterial.uasset" 123
"../../../Engine/Plugins/2D/Paper2D/Content/OpaqueUnlitSpriteMaterial.uexp" 124
"../../../Engine/Plugins/2D/Paper2D/Content/MaskedUnlitSpriteMaterial.uasset" 125
"../../../Engine/Plugins/2D/Paper2D/Content/MaskedUnlitSpriteMaterial.uexp" 126
"../../../Engine/Plugins/2D/Paper2D/Content/DummySprite.uasset" 127
"../../../Engine/Plugins/2D/Paper2D/Content/DummySprite.uexp" 128
"../../../Engine/Plugins/2D/Paper2D/Content/DefaultPaperTerrainMaterial.uasset" 129
"../../../Engine/Plugins/2D/Paper2D/Content/DefaultPaperTerrainMaterial.uexp" 130
"F:/UnrealProjects/DrWho/Content/BP_SaveSettings.uasset" 131
"F:/UnrealProjects/DrWho/Content/BP_SaveSettings.uexp" 132
"F:/UnrealProjects/DrWho/Content/Dr_Who_Game_Instance.uasset" 133
"F:/UnrealProjects/DrWho/Content/Dr_Who_Game_Instance.uexp" 134
"../../../Engine/Content/Functions/Engine_MaterialFunctions02/WorldPositionOffset/CameraOffset.uasset" 135
"../../../Engine/Content/Functions/Engine_MaterialFunctions02/WorldPositionOffset/CameraOffset.uexp" 136
"../../../Engine/Plugins/Animation/ControlRig/Content/M_Manip.uasset" 137
"../../../Engine/Plugins/Animation/ControlRig/Content/M_Manip.uexp" 138
"../../../Engine/Content/Animation/DefaultRecorderBoneCompression.uasset" 139
"../../../Engine/Content/Animation/DefaultRecorderBoneCompression.uexp" 140
"../../../Engine/Content/Animation/DefaultAnimCurveCompressionSettings.uasset" 141
"../../../Engine/Content/Animation/DefaultAnimCurveCompressionSettings.uexp" 142
"../../../Engine/Content/Animation/DefaultAnimBoneCompressionSettings.uasset" 143
"../../../Engine/Content/Animation/DefaultAnimBoneCompressionSettings.uexp" 144
"../../../Engine/Content/EditorLandscapeResources/DefaultAlphaTexture.uasset" 145
"../../../Engine/Content/EditorLandscapeResources/DefaultAlphaTexture.uexp" 146
"../../../Engine/Content/EditorLandscapeResources/DataLayer.uasset" 147
"../../../Engine/Content/EditorLandscapeResources/DataLayer.uexp" 148
"../../../Engine/Content/EngineResources/WhiteSquareTexture.uasset" 149
"../../../Engine/Content/EngineResources/WhiteSquareTexture.uexp" 150
"../../../Engine/Content/EngineMaterials/Widget3DPassThrough.uasset" 151
"../../../Engine/Content/EngineMaterials/Widget3DPassThrough.uexp" 152
"../../../Engine/Content/EngineMaterials/Widget3DPassThrough_Translucent.uasset" 153
"../../../Engine/Content/EngineMaterials/Widget3DPassThrough_Translucent.uexp" 154
"../../../Engine/Content/EngineMaterials/Widget3DPassThrough_Translucent_OneSided.uasset" 155
"../../../Engine/Content/EngineMaterials/Widget3DPassThrough_Translucent_OneSided.uexp" 156
"../../../Engine/Content/EngineMaterials/Widget3DPassThrough_Opaque.uasset" 157
"../../../Engine/Content/EngineMaterials/Widget3DPassThrough_Opaque.uexp" 158
"../../../Engine/Content/EngineMaterials/Widget3DPassThrough_Opaque_OneSided.uasset" 159
"../../../Engine/Content/EngineMaterials/Widget3DPassThrough_Opaque_OneSided.uexp" 160
"../../../Engine/Content/EngineMaterials/Widget3DPassThrough_Masked_OneSided.uasset" 161
"../../../Engine/Content/EngineMaterials/Widget3DPassThrough_Masked_OneSided.uexp" 162
"../../../Engine/Content/EngineMaterials/Widget3DPassThrough_Masked.uasset" 163
"../../../Engine/Content/EngineMaterials/Widget3DPassThrough_Masked.uexp" 164
"../../../Engine/Content/EngineMaterials/STBlueNoise_vec2_128x128x64.uasset" 165
"../../../Engine/Content/EngineMaterials/STBlueNoise_vec2_128x128x64.uexp" 166
"../../../Engine/Content/EngineMaterials/STBlueNoise_scalar_128x128x64.uasset" 167
"../../../Engine/Content/EngineMaterials/STBlueNoise_scalar_128x128x64.uexp" 168
"../../../Engine/Plugins/Editor/SpeedTreeImporter/Content/SpeedTree9/game_wind_noise.ubulk" 169
"../../../Engine/Plugins/Editor/SpeedTreeImporter/Content/SpeedTree9/game_wind_noise.uasset" 170
"../../../Engine/Plugins/Editor/SpeedTreeImporter/Content/SpeedTree9/game_wind_noise.uexp" 171
"../../../Engine/Plugins/Editor/SpeedTreeImporter/Content/SpeedTree9/UnpackDirection.uasset" 172
"../../../Engine/Plugins/Editor/SpeedTreeImporter/Content/SpeedTree9/UnpackDirection.uexp" 173
"../../../Engine/Content/Functions/Engine_MaterialFunctions02/ObjectLocalBounds.uasset" 174
"../../../Engine/Content/Functions/Engine_MaterialFunctions02/ObjectLocalBounds.uexp" 175
"../../../Engine/Content/Functions/Engine_MaterialFunctions02/Utility/BreakOutFloat3Components.uasset" 176
"../../../Engine/Content/Functions/Engine_MaterialFunctions02/Utility/BreakOutFloat3Components.uexp" 177
"../../../Engine/Content/Functions/Engine_MaterialFunctions02/UVs/BoundingBoxBased_0-1_UVW.uasset" 178
"../../../Engine/Content/Functions/Engine_MaterialFunctions02/UVs/BoundingBoxBased_0-1_UVW.uexp" 179
"../../../Engine/Content/Functions/Engine_MaterialFunctions02/Utility/VectorLength.uasset" 180
"../../../Engine/Content/Functions/Engine_MaterialFunctions02/Utility/VectorLength.uexp" 181
"../../../Engine/Plugins/Editor/SpeedTreeImporter/Content/SpeedTree9/UnpackInteger3.uasset" 182
"../../../Engine/Plugins/Editor/SpeedTreeImporter/Content/SpeedTree9/UnpackInteger3.uexp" 183
"../../../Engine/Plugins/Editor/SpeedTreeImporter/Content/SpeedTree9/SpeedTreeCameraFacing.uasset" 184
"../../../Engine/Plugins/Editor/SpeedTreeImporter/Content/SpeedTree9/SpeedTreeCameraFacing.uexp" 185
"../../../Engine/Content/Functions/Engine_MaterialFunctions02/WorldPositionOffset/ObjectScale.uasset" 186
"../../../Engine/Content/Functions/Engine_MaterialFunctions02/WorldPositionOffset/ObjectScale.uexp" 187
"../../../Engine/Content/Functions/Engine_MaterialFunctions02/SafeNormalize.uasset" 188
"../../../Engine/Content/Functions/Engine_MaterialFunctions02/SafeNormalize.uexp" 189
"../../../Engine/Plugins/Editor/SpeedTreeImporter/Content/SpeedTree9/SpeedTreeWindMotion.uasset" 190
"../../../Engine/Plugins/Editor/SpeedTreeImporter/Content/SpeedTree9/SpeedTreeWindMotion.uexp" 191
"../../../Engine/Plugins/Editor/SpeedTreeImporter/Content/SpeedTree9/SpeedTreeBranchMotion.uasset" 192
"../../../Engine/Plugins/Editor/SpeedTreeImporter/Content/SpeedTree9/SpeedTreeBranchMotion.uexp" 193
"../../../Engine/Plugins/Editor/SpeedTreeImporter/Content/SpeedTree9/SpeedTreeWind.uasset" 194
"../../../Engine/Plugins/Editor/SpeedTreeImporter/Content/SpeedTree9/SpeedTreeWind.uexp" 195
"../../../Engine/Plugins/Editor/SpeedTreeImporter/Content/SpeedTree9/EmptyNormal.uasset" 196
"../../../Engine/Plugins/Editor/SpeedTreeImporter/Content/SpeedTree9/EmptyNormal.uexp" 197
"../../../Engine/Plugins/Editor/SpeedTreeImporter/Content/SpeedTree9/Empty.uasset" 198
"../../../Engine/Plugins/Editor/SpeedTreeImporter/Content/SpeedTree9/Empty.uexp" 199
"../../../Engine/Plugins/Editor/SpeedTreeImporter/Content/SpeedTree9/SpeedTreeMaster.uasset" 200
"../../../Engine/Plugins/Editor/SpeedTreeImporter/Content/SpeedTree9/SpeedTreeMaster.uexp" 201
"../../../Engine/Plugins/Editor/SpeedTreeImporter/Content/SpeedTree9/SpeedTreeBillboard.uasset" 202
"../../../Engine/Plugins/Editor/SpeedTreeImporter/Content/SpeedTree9/SpeedTreeBillboard.uexp" 203
"../../../Engine/Plugins/Editor/SpeedTreeImporter/Content/SpeedTree9/SpeedTreeBillboardMaster.uasset" 204
"../../../Engine/Plugins/Editor/SpeedTreeImporter/Content/SpeedTree9/SpeedTreeBillboardMaster.uexp" 205
"../../../Engine/Plugins/Runtime/MeshModelingToolset/Content/Materials/M_DynamicMeshComponentVtxColor.uasset" 206
"../../../Engine/Plugins/Runtime/MeshModelingToolset/Content/Materials/M_DynamicMeshComponentVtxColor.uexp" 207
"../../../Engine/Plugins/Interchange/Runtime/Content/Pipelines/DefaultTexturePipeline.uasset" 208
"../../../Engine/Plugins/Interchange/Runtime/Content/Pipelines/DefaultTexturePipeline.uexp" 209
"../../../Engine/Plugins/Interchange/Runtime/Content/Pipelines/DefaultSceneLevelPipeline.uasset" 210
"../../../Engine/Plugins/Interchange/Runtime/Content/Pipelines/DefaultSceneLevelPipeline.uexp" 211
"../../../Engine/Plugins/Interchange/Runtime/Content/Pipelines/DefaultSceneAssetsPipeline.uasset" 212
"../../../Engine/Plugins/Interchange/Runtime/Content/Pipelines/DefaultSceneAssetsPipeline.uexp" 213
"../../../Engine/Plugins/Interchange/Runtime/Content/Pipelines/DefaultMaterialPipeline.uasset" 214
"../../../Engine/Plugins/Interchange/Runtime/Content/Pipelines/DefaultMaterialPipeline.uexp" 215
"../../../Engine/Plugins/Interchange/Runtime/Content/Pipelines/DefaultAssetsPipeline.uasset" 216
"../../../Engine/Plugins/Interchange/Runtime/Content/Pipelines/DefaultAssetsPipeline.uexp" 217
"../../../Engine/Plugins/Animation/ControlRig/Content/Controls/DefaultGizmoLibraryNormalized.uasset" 218
"../../../Engine/Plugins/Animation/ControlRig/Content/Controls/DefaultGizmoLibraryNormalized.uexp" 219
"../../../Engine/Plugins/Animation/ControlRig/Content/Controls/ControlRig_Wedge_solid.ubulk" 220
"../../../Engine/Plugins/Animation/ControlRig/Content/Controls/ControlRig_Wedge_solid.uasset" 221
"../../../Engine/Plugins/Animation/ControlRig/Content/Controls/ControlRig_Wedge_solid.uexp" 222
"../../../Engine/Plugins/Animation/ControlRig/Content/Controls/ControlRig_Wedge_3mm.ubulk" 223
"../../../Engine/Plugins/Animation/ControlRig/Content/Controls/ControlRig_Wedge_3mm.uasset" 224
"../../../Engine/Plugins/Animation/ControlRig/Content/Controls/ControlRig_Wedge_3mm.uexp" 225
"../../../Engine/Plugins/Animation/ControlRig/Content/Controls/ControlRig_Wedge_1mm.ubulk" 226
"../../../Engine/Plugins/Animation/ControlRig/Content/Controls/ControlRig_Wedge_1mm.uasset" 227
"../../../Engine/Plugins/Animation/ControlRig/Content/Controls/ControlRig_Wedge_1mm.uexp" 228
"../../../Engine/Plugins/Animation/ControlRig/Content/Controls/ControlRig_Triangle_solid.ubulk" 229
"../../../Engine/Plugins/Animation/ControlRig/Content/Controls/ControlRig_Triangle_solid.uasset" 230
"../../../Engine/Plugins/Animation/ControlRig/Content/Controls/ControlRig_Triangle_solid.uexp" 231
"../../../Engine/Plugins/Animation/ControlRig/Content/Controls/ControlRig_Triangle_3mm.ubulk" 232
"../../../Engine/Plugins/Animation/ControlRig/Content/Controls/ControlRig_Triangle_3mm.uasset" 233
"../../../Engine/Plugins/Animation/ControlRig/Content/Controls/ControlRig_Triangle_3mm.uexp" 234
"../../../Engine/Plugins/Animation/ControlRig/Content/Controls/ControlRig_Triangle_1mm.ubulk" 235
"../../../Engine/Plugins/Animation/ControlRig/Content/Controls/ControlRig_Triangle_1mm.uasset" 236
"../../../Engine/Plugins/Animation/ControlRig/Content/Controls/ControlRig_Triangle_1mm.uexp" 237
"../../../Engine/Plugins/Animation/ControlRig/Content/Controls/ControlRig_Star4_solid.ubulk" 238
"../../../Engine/Plugins/Animation/ControlRig/Content/Controls/ControlRig_Star4_solid.uasset" 239
"../../../Engine/Plugins/Animation/ControlRig/Content/Controls/ControlRig_Star4_solid.uexp" 240
"../../../Engine/Plugins/Animation/ControlRig/Content/Controls/ControlRig_Star4_3mm.ubulk" 241
"../../../Engine/Plugins/Animation/ControlRig/Content/Controls/ControlRig_Star4_3mm.uasset" 242
"../../../Engine/Plugins/Animation/ControlRig/Content/Controls/ControlRig_Star4_3mm.uexp" 243
"../../../Engine/Plugins/Animation/ControlRig/Content/Controls/ControlRig_Star4_1mm.ubulk" 244
"../../../Engine/Plugins/Animation/ControlRig/Content/Controls/ControlRig_Star4_1mm.uasset" 245
"../../../Engine/Plugins/Animation/ControlRig/Content/Controls/ControlRig_Star4_1mm.uexp" 246
"../../../Engine/Plugins/Animation/ControlRig/Content/Controls/ControlRig_Square_solid.ubulk" 247
"../../../Engine/Plugins/Animation/ControlRig/Content/Controls/ControlRig_Square_solid.uasset" 248
"../../../Engine/Plugins/Animation/ControlRig/Content/Controls/ControlRig_Square_solid.uexp" 249
"../../../Engine/Plugins/Animation/ControlRig/Content/Controls/ControlRig_Square_3mm.ubulk" 250
"../../../Engine/Plugins/Animation/ControlRig/Content/Controls/ControlRig_Square_3mm.uasset" 251
"../../../Engine/Plugins/Animation/ControlRig/Content/Controls/ControlRig_Square_3mm.uexp" 252
"../../../Engine/Plugins/Animation/ControlRig/Content/Controls/ControlRig_Square_1mm.ubulk" 253
"../../../Engine/Plugins/Animation/ControlRig/Content/Controls/ControlRig_Square_1mm.uasset" 254
"../../../Engine/Plugins/Animation/ControlRig/Content/Controls/ControlRig_Square_1mm.uexp" 255
"../../../Engine/Plugins/Animation/ControlRig/Content/Controls/ControlRig_Sphere_solid.ubulk" 256
"../../../Engine/Plugins/Animation/ControlRig/Content/Controls/ControlRig_Sphere_solid.uasset" 257
"../../../Engine/Plugins/Animation/ControlRig/Content/Controls/ControlRig_Sphere_solid.uexp" 258
"../../../Engine/Plugins/Animation/ControlRig/Content/Controls/ControlRig_Sphere_3mm.ubulk" 259
"../../../Engine/Plugins/Animation/ControlRig/Content/Controls/ControlRig_Sphere_3mm.uasset" 260
"../../../Engine/Plugins/Animation/ControlRig/Content/Controls/ControlRig_Sphere_3mm.uexp" 261
"../../../Engine/Plugins/Animation/ControlRig/Content/Controls/ControlRig_Sphere_1mm.ubulk" 262
"../../../Engine/Plugins/Animation/ControlRig/Content/Controls/ControlRig_Sphere_1mm.uasset" 263
"../../../Engine/Plugins/Animation/ControlRig/Content/Controls/ControlRig_Sphere_1mm.uexp" 264
"../../../Engine/Plugins/Animation/ControlRig/Content/Controls/ControlRig_RoundedTriangle_solid.ubulk" 265
"../../../Engine/Plugins/Animation/ControlRig/Content/Controls/ControlRig_RoundedTriangle_solid.uasset" 266
"../../../Engine/Plugins/Animation/ControlRig/Content/Controls/ControlRig_RoundedTriangle_solid.uexp" 267
"../../../Engine/Plugins/Animation/ControlRig/Content/Controls/ControlRig_RoundedTriangle_3mm.ubulk" 268
"../../../Engine/Plugins/Animation/ControlRig/Content/Controls/ControlRig_RoundedTriangle_3mm.uasset" 269
"../../../Engine/Plugins/Animation/ControlRig/Content/Controls/ControlRig_RoundedTriangle_3mm.uexp" 270
"../../../Engine/Plugins/Animation/ControlRig/Content/Controls/ControlRig_RoundedTriangle_1mm.ubulk" 271
"../../../Engine/Plugins/Animation/ControlRig/Content/Controls/ControlRig_RoundedTriangle_1mm.uasset" 272
"../../../Engine/Plugins/Animation/ControlRig/Content/Controls/ControlRig_RoundedTriangle_1mm.uexp" 273
"../../../Engine/Plugins/Animation/ControlRig/Content/Controls/ControlRig_RoundedSquare_solid.ubulk" 274
"../../../Engine/Plugins/Animation/ControlRig/Content/Controls/ControlRig_RoundedSquare_solid.uasset" 275
"../../../Engine/Plugins/Animation/ControlRig/Content/Controls/ControlRig_RoundedSquare_solid.uexp" 276
"../../../Engine/Plugins/Animation/ControlRig/Content/Controls/ControlRig_RoundedSquare_3mm.ubulk" 277
"../../../Engine/Plugins/Animation/ControlRig/Content/Controls/ControlRig_RoundedSquare_3mm.uasset" 278
"../../../Engine/Plugins/Animation/ControlRig/Content/Controls/ControlRig_RoundedSquare_3mm.uexp" 279
"../../../Engine/Plugins/Animation/ControlRig/Content/Controls/ControlRig_RoundedSquare_1mm.ubulk" 280
"../../../Engine/Plugins/Animation/ControlRig/Content/Controls/ControlRig_RoundedSquare_1mm.uasset" 281
"../../../Engine/Plugins/Animation/ControlRig/Content/Controls/ControlRig_RoundedSquare_1mm.uexp" 282
"../../../Engine/Plugins/Animation/ControlRig/Content/Controls/ControlRig_QuarterCircle_solid.ubulk" 283
"../../../Engine/Plugins/Animation/ControlRig/Content/Controls/ControlRig_QuarterCircle_solid.uasset" 284
"../../../Engine/Plugins/Animation/ControlRig/Content/Controls/ControlRig_QuarterCircle_solid.uexp" 285
"../../../Engine/Plugins/Animation/ControlRig/Content/Controls/ControlRig_QuarterCircle_3mm.ubulk" 286
"../../../Engine/Plugins/Animation/ControlRig/Content/Controls/ControlRig_QuarterCircle_3mm.uasset" 287
"../../../Engine/Plugins/Animation/ControlRig/Content/Controls/ControlRig_QuarterCircle_3mm.uexp" 288
"../../../Engine/Plugins/Animation/ControlRig/Content/Controls/ControlRig_QuarterCircle_1mm.ubulk" 289
"../../../Engine/Plugins/Animation/ControlRig/Content/Controls/ControlRig_QuarterCircle_1mm.uasset" 290
"../../../Engine/Plugins/Animation/ControlRig/Content/Controls/ControlRig_QuarterCircle_1mm.uexp" 291
"../../../Engine/Plugins/Animation/ControlRig/Content/Controls/ControlRig_Pyramid_solid.ubulk" 292
"../../../Engine/Plugins/Animation/ControlRig/Content/Controls/ControlRig_Pyramid_solid.uasset" 293
"../../../Engine/Plugins/Animation/ControlRig/Content/Controls/ControlRig_Pyramid_solid.uexp" 294
"../../../Engine/Plugins/Animation/ControlRig/Content/Controls/ControlRig_Pyramid_3mm.ubulk" 295
"../../../Engine/Plugins/Animation/ControlRig/Content/Controls/ControlRig_Pyramid_3mm.uasset" 296
"../../../Engine/Plugins/Animation/ControlRig/Content/Controls/ControlRig_Pyramid_3mm.uexp" 297
"../../../Engine/Plugins/Animation/ControlRig/Content/Controls/ControlRig_Pyramid_1mm.ubulk" 298
"../../../Engine/Plugins/Animation/ControlRig/Content/Controls/ControlRig_Pyramid_1mm.uasset" 299
"../../../Engine/Plugins/Animation/ControlRig/Content/Controls/ControlRig_Pyramid_1mm.uexp" 300
"../../../Engine/Plugins/Animation/ControlRig/Content/Controls/ControlRig_Octagon_solid.ubulk" 301
"../../../Engine/Plugins/Animation/ControlRig/Content/Controls/ControlRig_Octagon_solid.uasset" 302
"../../../Engine/Plugins/Animation/ControlRig/Content/Controls/ControlRig_Octagon_solid.uexp" 303
"../../../Engine/Plugins/Animation/ControlRig/Content/Controls/ControlRig_Octagon_3mm.ubulk" 304
"../../../Engine/Plugins/Animation/ControlRig/Content/Controls/ControlRig_Octagon_3mm.uasset" 305
"../../../Engine/Plugins/Animation/ControlRig/Content/Controls/ControlRig_Octagon_3mm.uexp" 306
"../../../Engine/Plugins/Animation/ControlRig/Content/Controls/ControlRig_Octagon_1mm.ubulk" 307
"../../../Engine/Plugins/Animation/ControlRig/Content/Controls/ControlRig_Octagon_1mm.uasset" 308
"../../../Engine/Plugins/Animation/ControlRig/Content/Controls/ControlRig_Octagon_1mm.uexp" 309
"../../../Engine/Plugins/Animation/ControlRig/Content/Controls/ControlRig_Hexagon_solid.ubulk" 310
"../../../Engine/Plugins/Animation/ControlRig/Content/Controls/ControlRig_Hexagon_solid.uasset" 311
"../../../Engine/Plugins/Animation/ControlRig/Content/Controls/ControlRig_Hexagon_solid.uexp" 312
"../../../Engine/Plugins/Animation/ControlRig/Content/Controls/ControlRig_Hexagon_3mm.ubulk" 313
"../../../Engine/Plugins/Animation/ControlRig/Content/Controls/ControlRig_Hexagon_3mm.uasset" 314
"../../../Engine/Plugins/Animation/ControlRig/Content/Controls/ControlRig_Hexagon_3mm.uexp" 315
"../../../Engine/Plugins/Animation/ControlRig/Content/Controls/ControlRig_Hexagon_1mm.ubulk" 316
"../../../Engine/Plugins/Animation/ControlRig/Content/Controls/ControlRig_Hexagon_1mm.uasset" 317
"../../../Engine/Plugins/Animation/ControlRig/Content/Controls/ControlRig_Hexagon_1mm.uexp" 318
"../../../Engine/Plugins/Animation/ControlRig/Content/Controls/ControlRig_HalfCircle_solid.ubulk" 319
"../../../Engine/Plugins/Animation/ControlRig/Content/Controls/ControlRig_HalfCircle_solid.uasset" 320
"../../../Engine/Plugins/Animation/ControlRig/Content/Controls/ControlRig_HalfCircle_solid.uexp" 321
"../../../Engine/Plugins/Animation/ControlRig/Content/Controls/ControlRig_HalfCircle_3mm.ubulk" 322
"../../../Engine/Plugins/Animation/ControlRig/Content/Controls/ControlRig_HalfCircle_3mm.uasset" 323
"../../../Engine/Plugins/Animation/ControlRig/Content/Controls/ControlRig_HalfCircle_3mm.uexp" 324
"../../../Engine/Plugins/Animation/ControlRig/Content/Controls/ControlRig_HalfCircle_1mm.ubulk" 325
"../../../Engine/Plugins/Animation/ControlRig/Content/Controls/ControlRig_HalfCircle_1mm.uasset" 326
"../../../Engine/Plugins/Animation/ControlRig/Content/Controls/ControlRig_HalfCircle_1mm.uexp" 327
"../../../Engine/Plugins/Animation/ControlRig/Content/Controls/ControlRig_Diamond_solid.ubulk" 328
"../../../Engine/Plugins/Animation/ControlRig/Content/Controls/ControlRig_Diamond_solid.uasset" 329
"../../../Engine/Plugins/Animation/ControlRig/Content/Controls/ControlRig_Diamond_solid.uexp" 330
"../../../Engine/Plugins/Animation/ControlRig/Content/Controls/ControlRig_Diamond_3mm.ubulk" 331
"../../../Engine/Plugins/Animation/ControlRig/Content/Controls/ControlRig_Diamond_3mm.uasset" 332
"../../../Engine/Plugins/Animation/ControlRig/Content/Controls/ControlRig_Diamond_3mm.uexp" 333
"../../../Engine/Plugins/Animation/ControlRig/Content/Controls/ControlRig_Diamond_1mm.ubulk" 334
"../../../Engine/Plugins/Animation/ControlRig/Content/Controls/ControlRig_Diamond_1mm.uasset" 335
"../../../Engine/Plugins/Animation/ControlRig/Content/Controls/ControlRig_Diamond_1mm.uexp" 336
"../../../Engine/Plugins/Animation/ControlRig/Content/Controls/ControlRig_Circle_solid.ubulk" 337
"../../../Engine/Plugins/Animation/ControlRig/Content/Controls/ControlRig_Circle_solid.uasset" 338
"../../../Engine/Plugins/Animation/ControlRig/Content/Controls/ControlRig_Circle_solid.uexp" 339
"../../../Engine/Plugins/Animation/ControlRig/Content/Controls/ControlRig_Circle_3mm.ubulk" 340
"../../../Engine/Plugins/Animation/ControlRig/Content/Controls/ControlRig_Circle_3mm.uasset" 341
"../../../Engine/Plugins/Animation/ControlRig/Content/Controls/ControlRig_Circle_3mm.uexp" 342
"../../../Engine/Plugins/Animation/ControlRig/Content/Controls/ControlRig_Circle_1mm.ubulk" 343
"../../../Engine/Plugins/Animation/ControlRig/Content/Controls/ControlRig_Circle_1mm.uasset" 344
"../../../Engine/Plugins/Animation/ControlRig/Content/Controls/ControlRig_Circle_1mm.uexp" 345
"../../../Engine/Plugins/Animation/ControlRig/Content/Controls/ControlRig_Box_solid.ubulk" 346
"../../../Engine/Plugins/Animation/ControlRig/Content/Controls/ControlRig_Box_solid.uasset" 347
"../../../Engine/Plugins/Animation/ControlRig/Content/Controls/ControlRig_Box_solid.uexp" 348
"../../../Engine/Plugins/Animation/ControlRig/Content/Controls/ControlRig_Box_3mm.ubulk" 349
"../../../Engine/Plugins/Animation/ControlRig/Content/Controls/ControlRig_Box_3mm.uasset" 350
"../../../Engine/Plugins/Animation/ControlRig/Content/Controls/ControlRig_Box_3mm.uexp" 351
"../../../Engine/Plugins/Animation/ControlRig/Content/Controls/ControlRig_Box_1mm.ubulk" 352
"../../../Engine/Plugins/Animation/ControlRig/Content/Controls/ControlRig_Box_1mm.uasset" 353
"../../../Engine/Plugins/Animation/ControlRig/Content/Controls/ControlRig_Box_1mm.uexp" 354
"../../../Engine/Plugins/Animation/ControlRig/Content/Controls/ControlRig_Arrow_solid.ubulk" 355
"../../../Engine/Plugins/Animation/ControlRig/Content/Controls/ControlRig_Arrow_solid.uasset" 356
"../../../Engine/Plugins/Animation/ControlRig/Content/Controls/ControlRig_Arrow_solid.uexp" 357
"../../../Engine/Plugins/Animation/ControlRig/Content/Controls/ControlRig_Arrow_3mm.ubulk" 358
"../../../Engine/Plugins/Animation/ControlRig/Content/Controls/ControlRig_Arrow_3mm.uasset" 359
"../../../Engine/Plugins/Animation/ControlRig/Content/Controls/ControlRig_Arrow_3mm.uexp" 360
"../../../Engine/Plugins/Animation/ControlRig/Content/Controls/ControlRig_Arrow_1mm.ubulk" 361
"../../../Engine/Plugins/Animation/ControlRig/Content/Controls/ControlRig_Arrow_1mm.uasset" 362
"../../../Engine/Plugins/Animation/ControlRig/Content/Controls/ControlRig_Arrow_1mm.uexp" 363
"../../../Engine/Plugins/Animation/ControlRig/Content/Controls/ControlRig_Arrow4_solid.ubulk" 364
"../../../Engine/Plugins/Animation/ControlRig/Content/Controls/ControlRig_Arrow4_solid.uasset" 365
"../../../Engine/Plugins/Animation/ControlRig/Content/Controls/ControlRig_Arrow4_solid.uexp" 366
"../../../Engine/Plugins/Animation/ControlRig/Content/Controls/ControlRig_Arrow4_3mm.ubulk" 367
"../../../Engine/Plugins/Animation/ControlRig/Content/Controls/ControlRig_Arrow4_3mm.uasset" 368
"../../../Engine/Plugins/Animation/ControlRig/Content/Controls/ControlRig_Arrow4_3mm.uexp" 369
"../../../Engine/Plugins/Animation/ControlRig/Content/Controls/ControlRig_Arrow4_1mm.ubulk" 370
"../../../Engine/Plugins/Animation/ControlRig/Content/Controls/ControlRig_Arrow4_1mm.uasset" 371
"../../../Engine/Plugins/Animation/ControlRig/Content/Controls/ControlRig_Arrow4_1mm.uexp" 372
"../../../Engine/Plugins/Animation/ControlRig/Content/Controls/ControlRig_Arrow2_solid.ubulk" 373
"../../../Engine/Plugins/Animation/ControlRig/Content/Controls/ControlRig_Arrow2_solid.uasset" 374
"../../../Engine/Plugins/Animation/ControlRig/Content/Controls/ControlRig_Arrow2_solid.uexp" 375
"../../../Engine/Plugins/Animation/ControlRig/Content/Controls/ControlRig_Arrow2_3mm.ubulk" 376
"../../../Engine/Plugins/Animation/ControlRig/Content/Controls/ControlRig_Arrow2_3mm.uasset" 377
"../../../Engine/Plugins/Animation/ControlRig/Content/Controls/ControlRig_Arrow2_3mm.uexp" 378
"../../../Engine/Plugins/Animation/ControlRig/Content/Controls/ControlRig_Arrow2_1mm.ubulk" 379
"../../../Engine/Plugins/Animation/ControlRig/Content/Controls/ControlRig_Arrow2_1mm.uasset" 380
"../../../Engine/Plugins/Animation/ControlRig/Content/Controls/ControlRig_Arrow2_1mm.uexp" 381
"../../../Engine/Plugins/Animation/ControlRig/Content/Controls/ControlRigXRayMaterial.uasset" 382
"../../../Engine/Plugins/Animation/ControlRig/Content/Controls/ControlRigXRayMaterial.uexp" 383
"../../../Engine/Plugins/Animation/ControlRig/Content/Controls/ControlRigGizmoMaterial.uasset" 384
"../../../Engine/Plugins/Animation/ControlRig/Content/Controls/ControlRigGizmoMaterial.uexp" 385
"../../../Engine/Content/EngineSounds/Master.uasset" 386
"../../../Engine/Content/EngineSounds/Master.uexp" 387
"../../../Engine/Content/EngineMaterials/RemoveSurfaceMaterial.uasset" 388
"../../../Engine/Content/EngineMaterials/RemoveSurfaceMaterial.uexp" 389
"../../../Engine/Content/EngineMaterials/DefaultCalibrationGrayscale.uasset" 390
"../../../Engine/Content/EngineMaterials/DefaultCalibrationGrayscale.uexp" 391
"../../../Engine/Content/EngineMaterials/PPM_DefaultCalibrationGrayscale.uasset" 392
"../../../Engine/Content/EngineMaterials/PPM_DefaultCalibrationGrayscale.uexp" 393
"../../../Engine/Content/EngineMaterials/DefaultCalibrationColor.uasset" 394
"../../../Engine/Content/EngineMaterials/DefaultCalibrationColor.uexp" 395
"../../../Engine/Content/EngineMaterials/PPM_DefaultCalibrationColor.uasset" 396
"../../../Engine/Content/EngineMaterials/PPM_DefaultCalibrationColor.uexp" 397
"../../../Engine/Content/EngineMaterials/PhAT_JointLimitMaterial.uasset" 398
"../../../Engine/Content/EngineMaterials/PhAT_JointLimitMaterial.uexp" 399
"../../../Engine/Content/EngineMaterials/NaniteHiddenSectionMaterial.uasset" 400
"../../../Engine/Content/EngineMaterials/NaniteHiddenSectionMaterial.uexp" 401
"../../../Engine/Content/EngineMaterials/InvalidLightmapSettings.ubulk" 402
"../../../Engine/Content/EngineMaterials/InvalidLightmapSettings.uasset" 403
"../../../Engine/Content/EngineMaterials/InvalidLightmapSettings.uexp" 404
"../../../Engine/Content/EngineMaterials/M_InvalidLightmapSettings.uasset" 405
"../../../Engine/Content/EngineMaterials/M_InvalidLightmapSettings.uexp" 406
"../../../Engine/Content/EngineMaterials/GizmoMaterial.uasset" 407
"../../../Engine/Content/EngineMaterials/GizmoMaterial.uexp" 408
"../../../Engine/Content/EngineMaterials/BaseFlattenEmissiveMap_VT.uasset" 409
"../../../Engine/Content/EngineMaterials/BaseFlattenEmissiveMap_VT.uexp" 410
"../../../Engine/Content/EngineMaterials/BaseFlattenGrayscaleMap_VT.uasset" 411
"../../../Engine/Content/EngineMaterials/BaseFlattenGrayscaleMap_VT.uexp" 412
"../../../Engine/Content/EngineMaterials/BaseFlattenLinearColor_VT.uasset" 413
"../../../Engine/Content/EngineMaterials/BaseFlattenLinearColor_VT.uexp" 414
"../../../Engine/Content/EngineMaterials/Black_1x1_EXR_Texture_VT.uasset" 415
"../../../Engine/Content/EngineMaterials/Black_1x1_EXR_Texture_VT.uexp" 416
"../../../Engine/Content/EngineMaterials/BaseFlattenDiffuseMap_VT.uasset" 417
"../../../Engine/Content/EngineMaterials/BaseFlattenDiffuseMap_VT.uexp" 418
"../../../Engine/Content/EngineMaterials/BaseFlattenNormalMap_VT.uasset" 419
"../../../Engine/Content/EngineMaterials/BaseFlattenNormalMap_VT.uexp" 420
"../../../Engine/Content/EngineMaterials/FlattenMaterial_WS_Normal_VT.uasset" 421
"../../../Engine/Content/EngineMaterials/FlattenMaterial_WS_Normal_VT.uexp" 422
"../../../Engine/Content/EngineMaterials/FlattenMaterial_VT.uasset" 423
"../../../Engine/Content/EngineMaterials/FlattenMaterial_VT.uexp" 424
"../../../Engine/Content/EngineMaterials/BaseFlattenNormalMap.uasset" 425
"../../../Engine/Content/EngineMaterials/BaseFlattenNormalMap.uexp" 426
"../../../Engine/Content/EngineMaterials/BaseFlattenGrayscaleMap.uasset" 427
"../../../Engine/Content/EngineMaterials/BaseFlattenGrayscaleMap.uexp" 428
"../../../Engine/Content/EngineMaterials/BaseFlattenDiffuseMap.uasset" 429
"../../../Engine/Content/EngineMaterials/BaseFlattenDiffuseMap.uexp" 430
"../../../Engine/Content/Functions/Engine_MaterialFunctions02/PivotPainter2/Black_1x1_EXR_Texture.uasset" 431
"../../../Engine/Content/Functions/Engine_MaterialFunctions02/PivotPainter2/Black_1x1_EXR_Texture.uexp" 432
"../../../Engine/Content/EngineMaterials/BaseFlattenEmissiveMap.uasset" 433
"../../../Engine/Content/EngineMaterials/BaseFlattenEmissiveMap.uexp" 434
"../../../Engine/Content/EngineMaterials/BaseFlattenLinearColor.uasset" 435
"../../../Engine/Content/EngineMaterials/BaseFlattenLinearColor.uexp" 436
"../../../Engine/Content/EngineMaterials/FlattenMaterial.uasset" 437
"../../../Engine/Content/EngineMaterials/FlattenMaterial.uexp" 438
"../../../Engine/Content/EngineMaterials/DefaultWhiteGrid_Low.uasset" 439
"../../../Engine/Content/EngineMaterials/DefaultWhiteGrid_Low.uexp" 440
"../../../Engine/Content/EngineMaterials/EmissiveMeshMaterial.uasset" 441
"../../../Engine/Content/EngineMaterials/EmissiveMeshMaterial.uexp" 442
"../../../Engine/Content/EngineFonts/RobotoDistanceField.uasset" 443
"../../../Engine/Content/EngineFonts/RobotoDistanceField.uexp" 444
"../../../Engine/Content/EngineMaterials/DefaultTextMaterialOpaque.uasset" 445
"../../../Engine/Content/EngineMaterials/DefaultTextMaterialOpaque.uexp" 446
"../../../Engine/Content/EngineMaterials/DefaultDiffuse.ubulk" 447
"../../../Engine/Content/EngineMaterials/DefaultDiffuse.uasset" 448
"../../../Engine/Content/EngineMaterials/DefaultDiffuse.uexp" 449
"../../../Engine/Content/Functions/Engine_MaterialFunctions02/Utility/BreakOutFloat2Components.uasset" 450
"../../../Engine/Content/Functions/Engine_MaterialFunctions02/Utility/BreakOutFloat2Components.uexp" 451
"../../../Engine/Content/EngineMaterials/DefaultPostProcessMaterial.uasset" 452
"../../../Engine/Content/EngineMaterials/DefaultPostProcessMaterial.uexp" 453
"../../../Engine/Content/EngineMaterials/DefaultPhysicalMaterial.uasset" 454
"../../../Engine/Content/EngineMaterials/DefaultPhysicalMaterial.uexp" 455
"../../../Engine/Content/EngineMaterials/DefaultLightFunctionMaterial.uasset" 456
"../../../Engine/Content/EngineMaterials/DefaultLightFunctionMaterial.uexp" 457
"../../../Engine/Content/EngineMaterials/DefaultDestructiblePhysicalMaterial.uasset" 458
"../../../Engine/Content/EngineMaterials/DefaultDestructiblePhysicalMaterial.uexp" 459
"../../../Engine/Content/EngineMaterials/DefaultDeferredDecalMaterial.uasset" 460
"../../../Engine/Content/EngineMaterials/DefaultDeferredDecalMaterial.uexp" 461
"../../../Engine/Content/EngineMaterials/DefaultBloomKernel.uasset" 462
"../../../Engine/Content/EngineMaterials/DefaultBloomKernel.uexp" 463
"../../../Engine/Content/EngineFonts/Faces/RobotoLight.uexp" 464
"../../../Engine/Content/EngineFonts/Faces/RobotoLight.uasset" 465
"../../../Engine/Content/EngineFonts/Faces/RobotoLight.ufont" 466
"../../../Engine/Content/EngineFonts/Faces/RobotoBold.uexp" 467
"../../../Engine/Content/EngineFonts/Faces/RobotoBold.uasset" 468
"../../../Engine/Content/EngineFonts/Faces/RobotoBold.ufont" 469
"../../../Engine/Content/EngineFonts/Faces/RobotoRegular.uexp" 470
"../../../Engine/Content/EngineFonts/Faces/RobotoRegular.uasset" 471
"../../../Engine/Content/EngineFonts/Faces/RobotoRegular.ufont" 472
"../../../Engine/Content/EngineFonts/Faces/DroidSansFallback.uexp" 473
"../../../Engine/Content/EngineFonts/Faces/DroidSansFallback.uasset" 474
"../../../Engine/Content/EngineFonts/Faces/DroidSansFallback.ufont" 475
"../../../Engine/Content/EngineFonts/Faces/RobotoItalic.uexp" 476
"../../../Engine/Content/EngineFonts/Faces/RobotoItalic.uasset" 477
"../../../Engine/Content/EngineFonts/Faces/RobotoItalic.ufont" 478
"../../../Engine/Content/EngineFonts/Faces/RobotoBoldItalic.uexp" 479
"../../../Engine/Content/EngineFonts/Faces/RobotoBoldItalic.uasset" 480
"../../../Engine/Content/EngineFonts/Faces/RobotoBoldItalic.ufont" 481
"../../../Engine/Content/EngineFonts/Roboto.uasset" 482
"../../../Engine/Content/EngineFonts/Roboto.uexp" 483
"../../../Engine/Content/Functions/Engine_MaterialFunctions02/Utility/CameraDirectionVector.uasset" 484
"../../../Engine/Content/Functions/Engine_MaterialFunctions02/Utility/CameraDirectionVector.uexp" 485
"../../../Engine/Content/EngineDebugMaterials/VolumeToRender.uasset" 486
"../../../Engine/Content/EngineDebugMaterials/VolumeToRender.uexp" 487
"../../../Engine/Content/EngineDebugMaterials/M_VolumeRenderSphereTracePP.uasset" 488
"../../../Engine/Content/EngineDebugMaterials/M_VolumeRenderSphereTracePP.uexp" 489
"../../../Engine/Content/EngineDebugMaterials/M_SimpleUnlitTranslucent.uasset" 490
"../../../Engine/Content/EngineDebugMaterials/M_SimpleUnlitTranslucent.uexp" 491
"../../../Engine/Content/EngineDebugMaterials/DebugMeshMaterial.uasset" 492
"../../../Engine/Content/EngineDebugMaterials/DebugMeshMaterial.uexp" 493
"../../../Engine/Content/EngineDebugMaterials/DebugEditorMaterial.uasset" 494
"../../../Engine/Content/EngineDebugMaterials/DebugEditorMaterial.uexp" 495
"../../../Engine/Content/EngineDamageTypes/DmgTypeBP_Environmental.uasset" 496
"../../../Engine/Content/EngineDamageTypes/DmgTypeBP_Environmental.uexp" 497
"../../../Engine/Content/EditorResources/S_Terrain.ubulk" 498
"../../../Engine/Content/EditorResources/S_Terrain.uasset" 499
"../../../Engine/Content/EditorResources/S_Terrain.uexp" 500
"../../../Engine/Content/EditorResources/EmptyActor.uasset" 501
"../../../Engine/Content/EditorResources/EmptyActor.uexp" 502
"../../../Engine/Content/EditorResources/BSPVertex.uasset" 503
"../../../Engine/Content/EditorResources/BSPVertex.uexp" 504
"../../../Engine/Content/EditorMaterials/PreviewShadowIndicator.ubulk" 505
"../../../Engine/Content/EditorMaterials/PreviewShadowIndicator.uasset" 506
"../../../Engine/Content/EditorMaterials/PreviewShadowIndicator.uexp" 507
"../../../Engine/Content/EditorMaterials/PreviewShadowIndicatorMaterial.uasset" 508
"../../../Engine/Content/EditorMaterials/PreviewShadowIndicatorMaterial.uexp" 509
"../../../Engine/Content/EditorMaterials/PhAT_UnselectedMaterial.uasset" 510
"../../../Engine/Content/EditorMaterials/PhAT_UnselectedMaterial.uexp" 511
"../../../Engine/Content/EditorMaterials/PhAT_NoCollisionMaterial.uasset" 512
"../../../Engine/Content/EditorMaterials/PhAT_NoCollisionMaterial.uexp" 513
"../../../Engine/Content/EngineMaterials/DefaultMaterial.uasset" 514
"../../../Engine/Content/EngineMaterials/DefaultMaterial.uexp" 515
"../../../Engine/Content/BasicShapes/Sphere.ubulk" 516
"../../../Engine/Content/BasicShapes/Sphere.uasset" 517
"../../../Engine/Content/BasicShapes/Sphere.uexp" 518
"../../../Engine/Content/BasicShapes/Plane.ubulk" 519
"../../../Engine/Content/BasicShapes/Plane.uasset" 520
"../../../Engine/Content/BasicShapes/Plane.uexp" 521
"../../../Engine/Content/BasicShapes/Cylinder.ubulk" 522
"../../../Engine/Content/BasicShapes/Cylinder.uasset" 523
"../../../Engine/Content/BasicShapes/Cylinder.uexp" 524
"../../../Engine/Content/BasicShapes/Cube.ubulk" 525
"../../../Engine/Content/BasicShapes/Cube.uasset" 526
"../../../Engine/Content/BasicShapes/Cube.uexp" 527
"../../../Engine/Content/BasicShapes/Cone.ubulk" 528
"../../../Engine/Content/BasicShapes/Cone.uasset" 529
"../../../Engine/Content/BasicShapes/Cone.uexp" 530
"../../../Engine/Content/EngineSky/VolumetricClouds/CloudWeatherTexture.uasset" 531
"../../../Engine/Content/EngineSky/VolumetricClouds/CloudWeatherTexture.uexp" 532
"../../../Engine/Content/Functions/Engine_MaterialFunctions02/Utility/MakeFloat2.uasset" 533
"../../../Engine/Content/Functions/Engine_MaterialFunctions02/Utility/MakeFloat2.uexp" 534
"../../../Engine/Content/EngineSky/VolumetricClouds/CloudGradientTexture.uasset" 535
"../../../Engine/Content/EngineSky/VolumetricClouds/CloudGradientTexture.uexp" 536
"../../../Engine/Content/EngineSky/VolumetricClouds/T_NoiseShape64.ubulk" 537
"../../../Engine/Content/EngineSky/VolumetricClouds/T_NoiseShape64.uasset" 538
"../../../Engine/Content/EngineSky/VolumetricClouds/T_NoiseShape64.uexp" 539
"../../../Engine/Content/EngineSky/VolumetricClouds/T_VolumeNoiseShape64.uasset" 540
"../../../Engine/Content/EngineSky/VolumetricClouds/T_VolumeNoiseShape64.uexp" 541
"../../../Engine/Content/EngineSky/VolumetricClouds/T_NoiseErosion.ubulk" 542
"../../../Engine/Content/EngineSky/VolumetricClouds/T_NoiseErosion.uasset" 543
"../../../Engine/Content/EngineSky/VolumetricClouds/T_NoiseErosion.uexp" 544
"../../../Engine/Content/EngineSky/VolumetricClouds/T_VolumeNoiseErosion32.uasset" 545
"../../../Engine/Content/EngineSky/VolumetricClouds/T_VolumeNoiseErosion32.uexp" 546
"../../../Engine/Content/EngineSky/VolumetricClouds/m_SimpleVolumetricCloud.uasset" 547
"../../../Engine/Content/EngineSky/VolumetricClouds/m_SimpleVolumetricCloud.uexp" 548
"../../../Engine/Content/EngineSky/VolumetricClouds/m_SimpleVolumetricCloud_Inst.uasset" 549
"../../../Engine/Content/EngineSky/VolumetricClouds/m_SimpleVolumetricCloud_Inst.uexp" 550
"../../../Engine/Content/EngineResources/FilmGrains/Marcie_Grain_v3_128_M2_000.uasset" 551
"../../../Engine/Content/EngineResources/FilmGrains/Marcie_Grain_v3_128_M2_000.uexp" 552
"../../../Engine/Content/MobileResources/HUD/VirtualJoystick_Background.uasset" 553
"../../../Engine/Content/MobileResources/HUD/VirtualJoystick_Background.uexp" 554
"../../../Engine/Content/MobileResources/HUD/VirtualJoystick_Thumb.uasset" 555
"../../../Engine/Content/MobileResources/HUD/VirtualJoystick_Thumb.uexp" 556
"../../../Engine/Content/MobileResources/HUD/DefaultVirtualJoysticks.uasset" 557
"../../../Engine/Content/MobileResources/HUD/DefaultVirtualJoysticks.uexp" 558
"../../../Engine/Content/EditorResources/SequenceRecorder/RecordingIndicator.uasset" 559
"../../../Engine/Content/EditorResources/SequenceRecorder/RecordingIndicator.uexp" 560
"../../../Engine/Content/EditorResources/SequenceRecorder/Countdown.uasset" 561
"../../../Engine/Content/EditorResources/SequenceRecorder/Countdown.uexp" 562
"../../../Engine/Content/EditorResources/AudioIcons/S_AudioComponent_AutoActivate.uasset" 563
"../../../Engine/Content/EditorResources/AudioIcons/S_AudioComponent_AutoActivate.uexp" 564
"../../../Engine/Content/Functions/Engine_MaterialFunctions01/Shading/PowerToRoughness.uasset" 565
"../../../Engine/Content/Functions/Engine_MaterialFunctions01/Shading/PowerToRoughness.uexp" 566
"../../../Engine/Content/Functions/Engine_MaterialFunctions01/Shading/ConvertFromDiffSpec.uasset" 567
"../../../Engine/Content/Functions/Engine_MaterialFunctions01/Shading/ConvertFromDiffSpec.uexp" 568
"../../../Engine/Content/Maps/Entry_BuiltData.uasset" 569
"../../../Engine/Content/Maps/Entry_BuiltData.uexp" 570
"../../../Engine/Content/Maps/Entry.uexp" 571
"../../../Engine/Content/Maps/Entry.umap" 572
"F:/UnrealProjects/DrWho/Content/Character/PC_DrWho.uasset" 573
"F:/UnrealProjects/DrWho/Content/Character/PC_DrWho.uexp" 574
"F:/UnrealProjects/DrWho/Content/Sprites/UI/rhombusButton.uasset" 575
"F:/UnrealProjects/DrWho/Content/Sprites/UI/rhombusButton.uexp" 576
"F:/UnrealProjects/DrWho/Content/Sound/ClassesAndMix/Master.uasset" 577
"F:/UnrealProjects/DrWho/Content/Sound/ClassesAndMix/Master.uexp" 578
"F:/UnrealProjects/DrWho/Content/Sprites/drwho_starting.uasset" 579
"F:/UnrealProjects/DrWho/Content/Sprites/drwho_starting.uexp" 580
"F:/UnrealProjects/DrWho/Content/Sprites/Starting_Player.uasset" 581
"F:/UnrealProjects/DrWho/Content/Sprites/Starting_Player.uexp" 582
"F:/UnrealProjects/DrWho/Content/Sprites/Starting_Player_Video.uasset" 583
"F:/UnrealProjects/DrWho/Content/Sprites/Starting_Player_Video.uexp" 584
"F:/UnrealProjects/DrWho/Content/Sprites/Starting_Player_Video_Mat.uasset" 585
"F:/UnrealProjects/DrWho/Content/Sprites/Starting_Player_Video_Mat.uexp" 586
"F:/UnrealProjects/DrWho/Content/Sprites/starting_tardis.ubulk" 587
"F:/UnrealProjects/DrWho/Content/Sprites/starting_tardis.uasset" 588
"F:/UnrealProjects/DrWho/Content/Sprites/starting_tardis.uexp" 589
"F:/UnrealProjects/DrWho/Content/Sprites/rhombusButton_blue.uasset" 590
"F:/UnrealProjects/DrWho/Content/Sprites/rhombusButton_blue.uexp" 591
"F:/UnrealProjects/DrWho/Content/Sprites/UI/rhombus_W_Button.uasset" 592
"F:/UnrealProjects/DrWho/Content/Sprites/UI/rhombus_W_Button.uexp" 593
"F:/UnrealProjects/DrWho/Content/Sprites/rhombusButton_purple.uasset" 594
"F:/UnrealProjects/DrWho/Content/Sprites/rhombusButton_purple.uexp" 595
"F:/UnrealProjects/DrWho/Content/Sprites/UI/DoctorWhoLogo.uasset" 596
"F:/UnrealProjects/DrWho/Content/Sprites/UI/DoctorWhoLogo.uexp" 597
"../../../Engine/Content/EditorBlueprintResources/StandardMacros.uasset" 598
"../../../Engine/Content/EditorBlueprintResources/StandardMacros.uexp" 599
"F:/UnrealProjects/DrWho/Content/UI/WB_LevelSelect.uasset" 600
"F:/UnrealProjects/DrWho/Content/UI/WB_LevelSelect.uexp" 601
"F:/UnrealProjects/DrWho/Content/Sprites/starting_music.ubulk" 602
"F:/UnrealProjects/DrWho/Content/Sprites/starting_music.uasset" 603
"F:/UnrealProjects/DrWho/Content/Sprites/starting_music.uexp" 604
"F:/UnrealProjects/DrWho/Content/UI/MainMenu_BP.uasset" 605
"F:/UnrealProjects/DrWho/Content/UI/MainMenu_BP.uexp" 606
"F:/UnrealProjects/DrWho/Content/Sound/MasterSoundMix.uasset" 607
"F:/UnrealProjects/DrWho/Content/Sound/MasterSoundMix.uexp" 608
"F:/UnrealProjects/DrWho/Content/UI/WB_Settings.uasset" 609
"F:/UnrealProjects/DrWho/Content/UI/WB_Settings.uexp" 610
"F:/UnrealProjects/DrWho/Content/UI/WB_PauseMenu.uasset" 611
"F:/UnrealProjects/DrWho/Content/UI/WB_PauseMenu.uexp" 612
"F:/UnrealProjects/DrWho/Content/Assets/SunnyLand/sprites/player/player-run-6.uasset" 613
"F:/UnrealProjects/DrWho/Content/Assets/SunnyLand/sprites/player/player-run-6.uexp" 614
"F:/UnrealProjects/DrWho/Content/Assets/SunnyLand/sprites/player/player-run-6_Sprite.uasset" 615
"F:/UnrealProjects/DrWho/Content/Assets/SunnyLand/sprites/player/player-run-6_Sprite.uexp" 616
"F:/UnrealProjects/DrWho/Content/Assets/SunnyLand/sprites/player/player-run-5.uasset" 617
"F:/UnrealProjects/DrWho/Content/Assets/SunnyLand/sprites/player/player-run-5.uexp" 618
"F:/UnrealProjects/DrWho/Content/Assets/SunnyLand/sprites/player/player-run-5_Sprite.uasset" 619
"F:/UnrealProjects/DrWho/Content/Assets/SunnyLand/sprites/player/player-run-5_Sprite.uexp" 620
"F:/UnrealProjects/DrWho/Content/Assets/SunnyLand/sprites/player/player-run-4.uasset" 621
"F:/UnrealProjects/DrWho/Content/Assets/SunnyLand/sprites/player/player-run-4.uexp" 622
"F:/UnrealProjects/DrWho/Content/Assets/SunnyLand/sprites/player/player-run-4_Sprite.uasset" 623
"F:/UnrealProjects/DrWho/Content/Assets/SunnyLand/sprites/player/player-run-4_Sprite.uexp" 624
"F:/UnrealProjects/DrWho/Content/Assets/SunnyLand/sprites/player/player-run-3.uasset" 625
"F:/UnrealProjects/DrWho/Content/Assets/SunnyLand/sprites/player/player-run-3.uexp" 626
"F:/UnrealProjects/DrWho/Content/Assets/SunnyLand/sprites/player/player-run-3_Sprite.uasset" 627
"F:/UnrealProjects/DrWho/Content/Assets/SunnyLand/sprites/player/player-run-3_Sprite.uexp" 628
"F:/UnrealProjects/DrWho/Content/Assets/SunnyLand/sprites/player/player-run-2.uasset" 629
"F:/UnrealProjects/DrWho/Content/Assets/SunnyLand/sprites/player/player-run-2.uexp" 630
"F:/UnrealProjects/DrWho/Content/Assets/SunnyLand/sprites/player/player-run-2_Sprite.uasset" 631
"F:/UnrealProjects/DrWho/Content/Assets/SunnyLand/sprites/player/player-run-2_Sprite.uexp" 632
"F:/UnrealProjects/DrWho/Content/Assets/SunnyLand/sprites/player/player-run-1.uasset" 633
"F:/UnrealProjects/DrWho/Content/Assets/SunnyLand/sprites/player/player-run-1.uexp" 634
"F:/UnrealProjects/DrWho/Content/Assets/SunnyLand/sprites/player/player-run-1_Sprite.uasset" 635
"F:/UnrealProjects/DrWho/Content/Assets/SunnyLand/sprites/player/player-run-1_Sprite.uexp" 636
"F:/UnrealProjects/DrWho/Content/Assets/SunnyLand/sprites/player/player-run.uasset" 637
"F:/UnrealProjects/DrWho/Content/Assets/SunnyLand/sprites/player/player-run.uexp" 638
"F:/UnrealProjects/DrWho/Content/Assets/SunnyLand/sprites/player/player-idle-4.uasset" 639
"F:/UnrealProjects/DrWho/Content/Assets/SunnyLand/sprites/player/player-idle-4.uexp" 640
"F:/UnrealProjects/DrWho/Content/Assets/SunnyLand/sprites/player/player-idle-4_Sprite.uasset" 641
"F:/UnrealProjects/DrWho/Content/Assets/SunnyLand/sprites/player/player-idle-4_Sprite.uexp" 642
"F:/UnrealProjects/DrWho/Content/Assets/SunnyLand/sprites/player/player-idle-3.uasset" 643
"F:/UnrealProjects/DrWho/Content/Assets/SunnyLand/sprites/player/player-idle-3.uexp" 644
"F:/UnrealProjects/DrWho/Content/Assets/SunnyLand/sprites/player/player-idle-3_Sprite.uasset" 645
"F:/UnrealProjects/DrWho/Content/Assets/SunnyLand/sprites/player/player-idle-3_Sprite.uexp" 646
"F:/UnrealProjects/DrWho/Content/Assets/SunnyLand/sprites/player/player-idle-2.uasset" 647
"F:/UnrealProjects/DrWho/Content/Assets/SunnyLand/sprites/player/player-idle-2.uexp" 648
"F:/UnrealProjects/DrWho/Content/Assets/SunnyLand/sprites/player/player-idle-2_Sprite.uasset" 649
"F:/UnrealProjects/DrWho/Content/Assets/SunnyLand/sprites/player/player-idle-2_Sprite.uexp" 650
"F:/UnrealProjects/DrWho/Content/Assets/SunnyLand/sprites/player/player-idle-1.uasset" 651
"F:/UnrealProjects/DrWho/Content/Assets/SunnyLand/sprites/player/player-idle-1.uexp" 652
"F:/UnrealProjects/DrWho/Content/Assets/SunnyLand/sprites/player/player-idle-1_Sprite.uasset" 653
"F:/UnrealProjects/DrWho/Content/Assets/SunnyLand/sprites/player/player-idle-1_Sprite.uexp" 654
"F:/UnrealProjects/DrWho/Content/Assets/SunnyLand/sprites/player/player-idle.uasset" 655
"F:/UnrealProjects/DrWho/Content/Assets/SunnyLand/sprites/player/player-idle.uexp" 656
"F:/UnrealProjects/DrWho/Content/Assets/SunnyLand/sprites/player/player-jump-2.uasset" 657
"F:/UnrealProjects/DrWho/Content/Assets/SunnyLand/sprites/player/player-jump-2.uexp" 658
"F:/UnrealProjects/DrWho/Content/Assets/SunnyLand/sprites/player/player-jump-2_Sprite.uasset" 659
"F:/UnrealProjects/DrWho/Content/Assets/SunnyLand/sprites/player/player-jump-2_Sprite.uexp" 660
"F:/UnrealProjects/DrWho/Content/Assets/SunnyLand/sprites/player/player-fall.uasset" 661
"F:/UnrealProjects/DrWho/Content/Assets/SunnyLand/sprites/player/player-fall.uexp" 662
"F:/UnrealProjects/DrWho/Content/Character/Pawn_DrWho.uasset" 663
"F:/UnrealProjects/DrWho/Content/Character/Pawn_DrWho.uexp" 664
"F:/UnrealProjects/DrWho/Content/Character/GM_DrWho.uasset" 665
"F:/UnrealProjects/DrWho/Content/Character/GM_DrWho.uexp" 666
"F:/UnrealProjects/DrWho/Content/Levels/_StartMenu.uexp" 667
"F:/UnrealProjects/DrWho/Content/Levels/_StartMenu.umap" 668
"F:/UnrealProjects/DrWho/Content/Sound/Music/hipjazz.ubulk" 669
"F:/UnrealProjects/DrWho/Content/Sound/Music/hipjazz.uasset" 670
"F:/UnrealProjects/DrWho/Content/Sound/Music/hipjazz.uexp" 671
"F:/UnrealProjects/DrWho/Content/Assets/SunnyLand/sprites/tileset.uasset" 672
"F:/UnrealProjects/DrWho/Content/Assets/SunnyLand/sprites/tileset.uexp" 673
"F:/UnrealProjects/DrWho/Content/Assets/SunnyLand/sprites/tileset_TileSet.uasset" 674
"F:/UnrealProjects/DrWho/Content/Assets/SunnyLand/sprites/tileset_TileSet.uexp" 675
"F:/UnrealProjects/DrWho/Content/Levels/LevelDesign/mainLevel_TileMap.uasset" 676
"F:/UnrealProjects/DrWho/Content/Levels/LevelDesign/mainLevel_TileMap.uexp" 677
"F:/UnrealProjects/DrWho/Content/DoctorWhoCharacter/Character_DrWho.uasset" 678
"F:/UnrealProjects/DrWho/Content/DoctorWhoCharacter/Character_DrWho.uexp" 679
"F:/UnrealProjects/DrWho/Content/DoctorWhoCharacter/GM_DrWho.uasset" 680
"F:/UnrealProjects/DrWho/Content/DoctorWhoCharacter/GM_DrWho.uexp" 681
"F:/UnrealProjects/DrWho/Content/Levels/Respawn_BP.uasset" 682
"F:/UnrealProjects/DrWho/Content/Levels/Respawn_BP.uexp" 683
"../../../Engine/Plugins/2D/Paper2D/Content/TranslucentUnlitSpriteMaterial.uasset" 684
"../../../Engine/Plugins/2D/Paper2D/Content/TranslucentUnlitSpriteMaterial.uexp" 685
"F:/UnrealProjects/DrWho/Content/Sprites/Level/TARDIS_watercolour.uasset" 686
"F:/UnrealProjects/DrWho/Content/Sprites/Level/TARDIS_watercolour.uexp" 687
"F:/UnrealProjects/DrWho/Content/Sprites/Level/TARDIS_watercolour_Sprite.uasset" 688
"F:/UnrealProjects/DrWho/Content/Sprites/Level/TARDIS_watercolour_Sprite.uexp" 689
"F:/UnrealProjects/DrWho/Content/Levels/EndGoal_BP.uasset" 690
"F:/UnrealProjects/DrWho/Content/Levels/EndGoal_BP.uexp" 691
"F:/UnrealProjects/DrWho/Content/Assets/SunnyLand/sprites/back.uasset" 692
"F:/UnrealProjects/DrWho/Content/Assets/SunnyLand/sprites/back.uexp" 693
"F:/UnrealProjects/DrWho/Content/Assets/SunnyLand/sprites/back_Sprite.uasset" 694
"F:/UnrealProjects/DrWho/Content/Assets/SunnyLand/sprites/back_Sprite.uexp" 695
"F:/UnrealProjects/DrWho/Content/Levels/MainLevel/MainLevel.uexp" 696
"F:/UnrealProjects/DrWho/Content/Levels/MainLevel/MainLevel.umap" 697
